1663754793731	geckodriver	INFO	Listening on 127.0.0.1:61661
1663754797040	mozrunner::runner	INFO	Running command: "C:\\Program Files (x86)\\Mozilla Firefox\\firefox.exe" "--marionette" "--remote-debugging-port" "61663" "-no-remote" "-profile" "C:\\Users\\SAURAV~1\\AppData\\Local\\Temp\\rust_mozprofile3rY9j0"
1663754799574	Marionette	INFO	Marionette enabled
1663754799582	Marionette	INFO	Listening on port 61758
WebDriver BiDi listening on ws://localhost:61663
1663754800421	RemoteAgent	WARN	TLS certificate errors will be ignored for this session
console.warn: SearchSettings: "get: No settings file exists, new profile?" (new NotFoundError("Could not open the file at C:\\Users\\SAURAV~1\\AppData\\Local\\Temp\\rust_mozprofile3rY9j0\\search.json.mozlz4", (void 0)))
DevTools listening on ws://localhost:61663/devtools/browser/f1deb67b-87dd-4488-a9e8-064e63dac245
1663754857136	Marionette	WARN	TimedPromise timed out after 500 ms: stacktrace:
TimedPromise/<@chrome://remote/content/marionette/sync.js:236:24
TimedPromise@chrome://remote/content/marionette/sync.js:221:10
interaction.flushEventLoop@chrome://remote/content/marionette/interaction.js:431:10
webdriverClickElement@chrome://remote/content/marionette/interaction.js:179:31
1663754876777	Marionette	WARN	TimedPromise timed out after 500 ms: stacktrace:
TimedPromise/<@chrome://remote/content/marionette/sync.js:236:24
TimedPromise@chrome://remote/content/marionette/sync.js:221:10
interaction.flushEventLoop@chrome://remote/content/marionette/interaction.js:431:10
webdriverClickElement@chrome://remote/content/marionette/interaction.js:179:31
1663755017701	Marionette	INFO	Stopped listening on port 61758
console.warn: TopSitesFeed: Failed to fetch data from Contile server: NetworkError when attempting to fetch resource.
