1662380944092	geckodriver	INFO	Listening on 127.0.0.1:58076
1662380947197	mozrunner::runner	INFO	Running command: "C:\\Program Files (x86)\\Mozilla Firefox\\firefox.exe" "--marionette" "--remote-debugging-port" "58077" "-no-remote" "-profile" "C:\\Users\\SAURAV~1\\AppData\\Local\\Temp\\rust_mozprofileUyt0Sb"
1662380947606	Marionette	INFO	Marionette enabled
1662380947613	Marionette	INFO	Listening on port 58083
WebDriver BiDi listening on ws://localhost:58077
1662380947805	RemoteAgent	WARN	TLS certificate errors will be ignored for this session
console.warn: SearchSettings: "get: No settings file exists, new profile?" (new NotFoundError("Could not open the file at C:\\Users\\SAURAV~1\\AppData\\Local\\Temp\\rust_mozprofileUyt0Sb\\search.json.mozlz4", (void 0)))
DevTools listening on ws://localhost:58077/devtools/browser/1dd8918f-df78-4ad4-a520-19edb12fcf6f
1662380954886	Marionette	WARN	TimedPromise timed out after 500 ms: stacktrace:
TimedPromise/<@chrome://remote/content/marionette/sync.js:236:24
TimedPromise@chrome://remote/content/marionette/sync.js:221:10
interaction.flushEventLoop@chrome://remote/content/marionette/interaction.js:431:10
webdriverClickElement@chrome://remote/content/marionette/interaction.js:179:31
JavaScript error: , line 0: NS_ERROR_NOT_AVAILABLE
1662383657461	Marionette	INFO	Stopped listening on port 58083
JavaScript error: resource://gre/modules/Prompter.jsm, line 1188: NS_ERROR_NOT_AVAILABLE: prompt aborted by user
JavaScript error: , line 0: TypeError: NetworkError when attempting to fetch resource.
JavaScript error: , line 0: TypeError: NetworkError when attempting to fetch resource.
JavaScript error: , line 0: TypeError: NetworkError when attempting to fetch resource.
JavaScript error: , line 0: TypeError: NetworkError when attempting to fetch resource.
