1662370399004	geckodriver	INFO	Listening on 127.0.0.1:62537
1662370402149	mozrunner::runner	INFO	Running command: "C:\\Program Files (x86)\\Mozilla Firefox\\firefox.exe" "--marionette" "--remote-debugging-port" "62538" "-no-remote" "-profile" "C:\\Users\\SAURAV~1\\AppData\\Local\\Temp\\rust_mozprofilea1oBKT"
1662370402559	Marionette	INFO	Marionette enabled
1662370402564	Marionette	INFO	Listening on port 62544
WebDriver BiDi listening on ws://localhost:62538
1662370402762	RemoteAgent	WARN	TLS certificate errors will be ignored for this session
console.warn: SearchSettings: "get: No settings file exists, new profile?" (new NotFoundError("Could not open the file at C:\\Users\\SAURAV~1\\AppData\\Local\\Temp\\rust_mozprofilea1oBKT\\search.json.mozlz4", (void 0)))
DevTools listening on ws://localhost:62538/devtools/browser/4770a85a-b6ad-4011-879f-b0d57ca82957
1662370407450	Marionette	WARN	Ignoring event 'DOMContentLoaded' because document has an invalid readyState of 'complete'.
JavaScript error: https://www.techlistic.com/ezossp/https/resources.blogblog.com/blogblog/data/res/1339858486-indie_compiled.js?screx=1&sxcb=1a, line 81: uncaught exception: AssertionError: Assertion failed: goog.dom.insertSiblingBefore expects non-null arguments
JavaScript error: https://www.techlistic.com/ezossp/https/resources.blogblog.com/blogblog/data/res/1339858486-indie_compiled.js?screx=1&sxcb=1a, line 150: ReferenceError: _WidgetManager is not defined
1662370411556	Marionette	WARN	Ignoring event 'pageshow' because document has an invalid readyState of 'uninitialized'.
JavaScript error: https://www.techlistic.com/ezossp/https/resources.blogblog.com/blogblog/data/res/1339858486-indie_compiled.js?screx=1&sxcb=1a, line 26: uncaught exception: AssertionError: Assertion failed: goog.dom.insertSiblingBefore expects non-null arguments
JavaScript warning: https://pagead2.googlesyndication.com/bg/dMUMwKlHRkKFxm324gu_shN2JBGfr2rZRInLP1vMiqM.js line 2 > eval line 7211 > eval line 1 > eval line 1 > eval, line 1: WEBGL_debug_renderer_info is deprecated in Firefox and will be removed. Please use RENDERER.
1662370416752	Marionette	WARN	Ignoring event 'pageshow' because document has an invalid readyState of 'uninitialized'.
1662370417993	Marionette	WARN	Ignoring event 'pageshow' because document has an invalid readyState of 'interactive'.
[Child 7456, MediaDecoderStateMachine #1] WARNING: Decoder=5166e30 Decode error: NS_ERROR_DOM_MEDIA_FATAL_ERR (0x806e0005) - mozilla::MediaResult __thiscall mozilla::RemoteVideoDecoderChild::InitIPDL(const mozilla::VideoInfo &, float, const CreateDecoderParams::OptionSet &, Maybe<layers::TextureFactoryIdentifier>, const Maybe<uint64_t> &): RemoteDecoderManager is not available.: file /builds/worker/checkouts/gecko/dom/media/MediaDecoderStateMachineBase.cpp:151
[Child 7456, MediaDecoderStateMachine #1] WARNING: Decoder=5166a90 Decode error: NS_ERROR_DOM_MEDIA_FATAL_ERR (0x806e0005) - mozilla::MediaResult __thiscall mozilla::RemoteVideoDecoderChild::InitIPDL(const mozilla::VideoInfo &, float, const CreateDecoderParams::OptionSet &, Maybe<layers::TextureFactoryIdentifier>, const Maybe<uint64_t> &): RemoteDecoderManager is not available.: file /builds/worker/checkouts/gecko/dom/media/MediaDecoderStateMachineBase.cpp:151
1662370425978	Marionette	WARN	Ignoring event 'DOMContentLoaded' because document has an invalid readyState of 'complete'.
JavaScript error: , line 0: TypeError: NetworkError when attempting to fetch resource.
JavaScript error: , line 0: TypeError: NetworkError when attempting to fetch resource.
JavaScript error: , line 0: TypeError: NetworkError when attempting to fetch resource.
1662370490703	Marionette	INFO	Stopped listening on port 62544
!!! error running onStopped callback: TypeError: callback is not a function
