1663754793768	geckodriver	INFO	Listening on 127.0.0.1:61662
1663754796941	mozrunner::runner	INFO	Running command: "C:\\Program Files (x86)\\Mozilla Firefox\\firefox.exe" "--marionette" "--remote-debugging-port" "61664" "-no-remote" "-profile" "C:\\Users\\SAURAV~1\\AppData\\Local\\Temp\\rust_mozprofileJNu7zP"
1663754819906	Marionette	INFO	Marionette enabled
1663754820044	Marionette	INFO	Listening on port 61751
WebDriver BiDi listening on ws://localhost:61664
1663754821109	RemoteAgent	WARN	TLS certificate errors will be ignored for this session
console.warn: SearchSettings: "get: No settings file exists, new profile?" (new NotFoundError("Could not open the file at C:\\Users\\SAURAV~1\\AppData\\Local\\Temp\\rust_mozprofileJNu7zP\\search.json.mozlz4", (void 0)))
DevTools listening on ws://localhost:61664/devtools/browser/dd40b5e3-2016-4cbb-bcf1-42f2fff69b62
console.warn: LoginRecipes: "Falling back to a synchronous message for: https://admin-demo.nopcommerce.com."
console.warn: LoginRecipes: "Falling back to a synchronous message for: https://admin-demo.nopcommerce.com."
1663754846697	Marionette	WARN	TimedPromise timed out after 500 ms: stacktrace:
TimedPromise/<@chrome://remote/content/marionette/sync.js:236:24
TimedPromise@chrome://remote/content/marionette/sync.js:221:10
interaction.flushEventLoop@chrome://remote/content/marionette/interaction.js:431:10
webdriverClickElement@chrome://remote/content/marionette/interaction.js:179:31
console.warn: LoginRecipes: "Falling back to a synchronous message for: https://admin-demo.nopcommerce.com."
console.warn: LoginRecipes: "Falling back to a synchronous message for: https://admin-demo.nopcommerce.com."
1663754851160	Marionette	WARN	TimedPromise timed out after 500 ms: stacktrace:
TimedPromise/<@chrome://remote/content/marionette/sync.js:236:24
TimedPromise@chrome://remote/content/marionette/sync.js:221:10
interaction.flushEventLoop@chrome://remote/content/marionette/interaction.js:431:10
webdriverClickElement@chrome://remote/content/marionette/interaction.js:179:31
1663754876527	Marionette	INFO	Stopped listening on port 61751
!!! error running onStopped callback: TypeError: callback is not a function
