==============================================================================
Suites                                                                        
==============================================================================
Suites.DataDriven                                                             
==============================================================================
Right user empty pass                                                 | PASS |
------------------------------------------------------------------------------
Right user wrong pass                                                 | PASS |
------------------------------------------------------------------------------
Wrong user right pass                                                 | PASS |
------------------------------------------------------------------------------
Wrong user empty pass                                                 | PASS |
------------------------------------------------------------------------------
Suites.DataDriven                                                     | PASS |
4 tests, 4 passed, 0 failed
==============================================================================
Suites                                                                | PASS |
4 tests, 4 passed, 0 failed
==============================================================================
Output:  C:\Users\SauravSharma\PycharmProjects\RobotFrameworkPratice\RobotFramework\Results\pabot_results\2\output.xml
