1662370582094	geckodriver	INFO	Listening on 127.0.0.1:60240
1662370585186	mozrunner::runner	INFO	Running command: "C:\\Program Files (x86)\\Mozilla Firefox\\firefox.exe" "--marionette" "--remote-debugging-port" "60241" "-no-remote" "-profile" "C:\\Users\\SAURAV~1\\AppData\\Local\\Temp\\rust_mozprofiletsBIi5"
1662370585643	Marionette	INFO	Marionette enabled
1662370585650	Marionette	INFO	Listening on port 60249
WebDriver BiDi listening on ws://localhost:60241
1662370585844	RemoteAgent	WARN	TLS certificate errors will be ignored for this session
console.warn: SearchSettings: "get: No settings file exists, new profile?" (new NotFoundError("Could not open the file at C:\\Users\\SAURAV~1\\AppData\\Local\\Temp\\rust_mozprofiletsBIi5\\search.json.mozlz4", (void 0)))
DevTools listening on ws://localhost:60241/devtools/browser/148d923a-52e5-40b1-ab6e-6ac8dbff44ee
1662370590568	Marionette	WARN	Ignoring event 'DOMContentLoaded' because document has an invalid readyState of 'complete'.
JavaScript error: https://www.techlistic.com/ezossp/https/resources.blogblog.com/blogblog/data/res/1339858486-indie_compiled.js?screx=1&sxcb=1a, line 81: uncaught exception: AssertionError: Assertion failed: goog.dom.insertSiblingBefore expects non-null arguments
JavaScript error: https://www.techlistic.com/ezossp/https/resources.blogblog.com/blogblog/data/res/1339858486-indie_compiled.js?screx=1&sxcb=1a, line 150: ReferenceError: _WidgetManager is not defined
JavaScript error: https://www.techlistic.com/ezossp/https/resources.blogblog.com/blogblog/data/res/1339858486-indie_compiled.js?screx=1&sxcb=1a, line 26: uncaught exception: AssertionError: Assertion failed: goog.dom.insertSiblingBefore expects non-null arguments
JavaScript warning: https://pagead2.googlesyndication.com/bg/dMUMwKlHRkKFxm324gu_shN2JBGfr2rZRInLP1vMiqM.js line 2 > eval line 853 > eval line 1 > eval line 1 > eval, line 1: WEBGL_debug_renderer_info is deprecated in Firefox and will be removed. Please use RENDERER.
[Child 20968, MediaDecoderStateMachine #1] WARNING: Decoder=5164480 Decode error: NS_ERROR_DOM_MEDIA_FATAL_ERR (0x806e0005) - mozilla::MediaResult __thiscall mozilla::RemoteVideoDecoderChild::InitIPDL(const mozilla::VideoInfo &, float, const CreateDecoderParams::OptionSet &, Maybe<layers::TextureFactoryIdentifier>, const Maybe<uint64_t> &): RemoteDecoderManager is not available.: file /builds/worker/checkouts/gecko/dom/media/MediaDecoderStateMachineBase.cpp:151
1662370598485	Marionette	WARN	Ignoring event 'pageshow' because document has an invalid readyState of 'interactive'.
[Child 20968, MediaDecoderStateMachine #1] WARNING: Decoder=5164650 Decode error: NS_ERROR_DOM_MEDIA_FATAL_ERR (0x806e0005) - mozilla::MediaResult __thiscall mozilla::RemoteVideoDecoderChild::InitIPDL(const mozilla::VideoInfo &, float, const CreateDecoderParams::OptionSet &, Maybe<layers::TextureFactoryIdentifier>, const Maybe<uint64_t> &): RemoteDecoderManager is not available.: file /builds/worker/checkouts/gecko/dom/media/MediaDecoderStateMachineBase.cpp:151
1662370599677	Marionette	WARN	Ignoring event 'pageshow' because document has an invalid readyState of 'uninitialized'.
JavaScript error: https://www.techlistic.com/porpoiseant/banger.js?cb=195-30&bv=151&v=62&PageSpeed=off, line 1: TypeError: IL11ILILIIlLLLILILLLLIILLLIIL11111LLILiiLIliLlILlLiiLLIiILL.llI11LI1LL1LLlIlIIIlLLII1lI[t] is undefined
1662370610506	Marionette	WARN	Ignoring event 'pageshow' because document has an invalid readyState of 'uninitialized'.
1662370672595	Marionette	INFO	Stopped listening on port 60249
JavaScript error: , line 0: TypeError: NetworkError when attempting to fetch resource.
JavaScript error: , line 0: TypeError: NetworkError when attempting to fetch resource.
JavaScript error: , line 0: TypeError: NetworkError when attempting to fetch resource.
JavaScript error: , line 0: TypeError: NetworkError when attempting to fetch resource.
JavaScript error: , line 0: TypeError: NetworkError when attempting to fetch resource.
