1662366355682	geckodriver	INFO	Listening on 127.0.0.1:56327
1662366358766	mozrunner::runner	INFO	Running command: "C:\\Program Files (x86)\\Mozilla Firefox\\firefox.exe" "--marionette" "--remote-debugging-port" "56328" "-no-remote" "-profile" "C:\\Users\\SAURAV~1\\AppData\\Local\\Temp\\rust_mozprofileA6oNsN"
1662366359181	Marionette	INFO	Marionette enabled
1662366359188	Marionette	INFO	Listening on port 56343
WebDriver BiDi listening on ws://localhost:56328
1662366359392	RemoteAgent	WARN	TLS certificate errors will be ignored for this session
console.warn: SearchSettings: "get: No settings file exists, new profile?" (new NotFoundError("Could not open the file at C:\\Users\\SAURAV~1\\AppData\\Local\\Temp\\rust_mozprofileA6oNsN\\search.json.mozlz4", (void 0)))
DevTools listening on ws://localhost:56328/devtools/browser/85f429b2-7bd8-4d81-b936-b09f95dba2d6
1662366365435	Marionette	WARN	Ignoring event 'DOMContentLoaded' because document has an invalid readyState of 'complete'.
JavaScript error: https://www.techlistic.com/ezossp/https/resources.blogblog.com/blogblog/data/res/1339858486-indie_compiled.js?screx=1&sxcb=1a, line 81: uncaught exception: AssertionError: Assertion failed: goog.dom.insertSiblingBefore expects non-null arguments
JavaScript error: https://www.techlistic.com/ezossp/https/resources.blogblog.com/blogblog/data/res/1339858486-indie_compiled.js?screx=1&sxcb=1a, line 150: ReferenceError: _WidgetManager is not defined
1662366370450	Marionette	WARN	Ignoring event 'pageshow' because document has an invalid readyState of 'uninitialized'.
JavaScript error: https://static.criteo.net/js/ld/publishertag.prebid.123.js, line 2: TypeError: right-hand side of 'in' should be an object, got undefined
JavaScript warning: https://pagead2.googlesyndication.com/bg/dMUMwKlHRkKFxm324gu_shN2JBGfr2rZRInLP1vMiqM.js line 2 > eval line 5895 > eval line 1 > eval line 1 > eval, line 1: WEBGL_debug_renderer_info is deprecated in Firefox and will be removed. Please use RENDERER.
JavaScript warning: https://pagead2.googlesyndication.com/bg/dMUMwKlHRkKFxm324gu_shN2JBGfr2rZRInLP1vMiqM.js line 2 > eval line 644 > eval line 1 > eval line 1 > eval, line 1: WEBGL_debug_renderer_info is deprecated in Firefox and will be removed. Please use RENDERER.
JavaScript warning: https://pagead2.googlesyndication.com/bg/dMUMwKlHRkKFxm324gu_shN2JBGfr2rZRInLP1vMiqM.js line 2 > eval line 7636 > eval line 1 > eval line 1 > eval, line 1: WEBGL_debug_renderer_info is deprecated in Firefox and will be removed. Please use RENDERER.
JavaScript error: https://www.techlistic.com/ezossp/https/resources.blogblog.com/blogblog/data/res/1339858486-indie_compiled.js?screx=1&sxcb=1a, line 26: uncaught exception: AssertionError: Assertion failed: goog.dom.insertSiblingBefore expects non-null arguments
[Child 1352, MediaDecoderStateMachine #1] WARNING: Decoder=4e64650 Decode error: NS_ERROR_DOM_MEDIA_FATAL_ERR (0x806e0005) - mozilla::MediaResult __thiscall mozilla::RemoteVideoDecoderChild::InitIPDL(const mozilla::VideoInfo &, float, const CreateDecoderParams::OptionSet &, Maybe<layers::TextureFactoryIdentifier>, const Maybe<uint64_t> &): RemoteDecoderManager is not available.: file /builds/worker/checkouts/gecko/dom/media/MediaDecoderStateMachineBase.cpp:151
[Child 1352, MediaDecoderStateMachine #1] WARNING: Decoder=4e64480 Decode error: NS_ERROR_DOM_MEDIA_FATAL_ERR (0x806e0005) - mozilla::MediaResult __thiscall mozilla::RemoteVideoDecoderChild::InitIPDL(const mozilla::VideoInfo &, float, const CreateDecoderParams::OptionSet &, Maybe<layers::TextureFactoryIdentifier>, const Maybe<uint64_t> &): RemoteDecoderManager is not available.: file /builds/worker/checkouts/gecko/dom/media/MediaDecoderStateMachineBase.cpp:151
JavaScript warning: https://pagead2.googlesyndication.com/bg/dMUMwKlHRkKFxm324gu_shN2JBGfr2rZRInLP1vMiqM.js line 2 > eval line 2208 > eval line 1 > eval line 1 > eval, line 1: WEBGL_debug_renderer_info is deprecated in Firefox and will be removed. Please use RENDERER.
1662366398815	Marionette	INFO	Stopped listening on port 56343
console.warn: TopSitesFeed: Failed to fetch data from Contile server: NetworkError when attempting to fetch resource.
!!! error running onStopped callback: TypeError: callback is not a function
JavaScript error: , line 0: TypeError: NetworkError when attempting to fetch resource.
JavaScript error: , line 0: TypeError: NetworkError when attempting to fetch resource.
JavaScript error: , line 0: TypeError: NetworkError when attempting to fetch resource.
JavaScript error: , line 0: TypeError: NetworkError when attempting to fetch resource.
