==============================================================================
Suites                                                                        
==============================================================================
Suites.DropDown                                                               
==============================================================================
Handling DropDowns and Lists                                          0 seconds
5 seconds
  
  Traceback (most recent call last):
    ~~~~~~~~~~~~~~~~~~~~~~~~~~~~~~~~~~~~~~~~~~~~~~~~~~~~~~~~~~~~~~~~~~~~~~~~~~
    File  C:\Users\SauravSharma\PycharmProjects\RobotFrameworkPratice\RobotFramework\TestCases\DropDown.robot:9
    T:  Handling DropDowns and Lists    
    ~~~~~~~~~~~~~~~~~~~~~~~~~~~~~~~~~~~~~~~~~~~~~~~~~~~~~~~~~~~~~~~~~~~~~~~~~~
    File  C:\Users\SauravSharma\PycharmProjects\RobotFrameworkPratice\RobotFramework\TestCases\DropDown.robot:26
      Select From List By Label    Customer roles    Europe
______________________________________________________________________________
| FAIL |
List with locator 'Customer roles' not found.
------------------------------------------------------------------------------
Suites.DropDown                                                       | FAIL |
1 test, 0 passed, 1 failed
==============================================================================
Suites                                                                | FAIL |
1 test, 0 passed, 1 failed
==============================================================================
Output:  C:\Users\SauravSharma\PycharmProjects\RobotFrameworkPratice\RobotFramework\Results\pabot_results\5\output.xml
