1663754793654	geckodriver	INFO	Listening on 127.0.0.1:61657
1663754796873	mozrunner::runner	INFO	Running command: "C:\\Program Files (x86)\\Mozilla Firefox\\firefox.exe" "--marionette" "--remote-debugging-port" "61658" "-no-remote" "-profile" "C:\\Users\\SAURAV~1\\AppData\\Local\\Temp\\rust_mozprofile1GJkcS"
1663754806745	Marionette	INFO	Marionette enabled
1663754806771	Marionette	INFO	Listening on port 61733
WebDriver BiDi listening on ws://localhost:61658
1663754807434	RemoteAgent	WARN	TLS certificate errors will be ignored for this session
console.warn: SearchSettings: "get: No settings file exists, new profile?" (new NotFoundError("Could not open the file at C:\\Users\\SAURAV~1\\AppData\\Local\\Temp\\rust_mozprofile1GJkcS\\search.json.mozlz4", (void 0)))
DevTools listening on ws://localhost:61658/devtools/browser/0cf557dd-df15-4c17-a881-2e99a32c70da
JavaScript warning: https://pagead2.googlesyndication.com/bg/6BYXhZMCT46-9MEs0mF7PtO-2LtaEInKrtcRBPC9dKM.js line 2 > eval line 5773 > eval line 1 > eval line 1 > eval, line 1: WEBGL_debug_renderer_info is deprecated in Firefox and will be removed. Please use RENDERER.
JavaScript warning: https://pagead2.googlesyndication.com/bg/6BYXhZMCT46-9MEs0mF7PtO-2LtaEInKrtcRBPC9dKM.js line 2 > eval line 7755 > eval line 1 > eval line 1 > eval, line 1: WEBGL_debug_renderer_info is deprecated in Firefox and will be removed. Please use RENDERER.
JavaScript warning: https://pagead2.googlesyndication.com/bg/6BYXhZMCT46-9MEs0mF7PtO-2LtaEInKrtcRBPC9dKM.js line 2 > eval line 5294 > eval line 1 > eval line 1 > eval, line 1: WEBGL_debug_renderer_info is deprecated in Firefox and will be removed. Please use RENDERER.
JavaScript warning: https://pagead2.googlesyndication.com/bg/6BYXhZMCT46-9MEs0mF7PtO-2LtaEInKrtcRBPC9dKM.js line 2 > eval line 2319 > eval line 1 > eval line 1 > eval, line 1: WEBGL_debug_renderer_info is deprecated in Firefox and will be removed. Please use RENDERER.
1663754896832	Marionette	WARN	TimedPromise timed out after 500 ms: stacktrace:
TimedPromise/<@chrome://remote/content/marionette/sync.js:236:24
TimedPromise@chrome://remote/content/marionette/sync.js:221:10
interaction.flushEventLoop@chrome://remote/content/marionette/interaction.js:431:10
webdriverClickElement@chrome://remote/content/marionette/interaction.js:179:31
1663755015636	Marionette	INFO	Stopped listening on port 61733
console.warn: TopSitesFeed: Failed to fetch data from Contile server: NetworkError when attempting to fetch resource.
JavaScript error: , line 0: TypeError: NetworkError when attempting to fetch resource.
JavaScript error: , line 0: TypeError: NetworkError when attempting to fetch resource.
JavaScript error: , line 0: TypeError: NetworkError when attempting to fetch resource.
JavaScript error: , line 0: TypeError: NetworkError when attempting to fetch resource.
JavaScript error: resource://gre/modules/Sqlite.jsm, line 1108: Error: Sqlite.jsm has been shutdown. Cannot open connection to: C:\Users\SAURAV~1\AppData\Local\Temp\rust_mozprofile1GJkcS\protections.sqlite
